生成启动时间为 2017/4/10 16:49:37。
     1>项目“E:\TrafficLight_HogSvm\TrafficSign_v2 - 副本\TrafficSign\TrafficSign.vcxproj”在节点 2 上(Build 个目标)。
     1>ClCompile:
         D:\Visual Studio 2015\VC\bin\x86_amd64\CL.exe /c /Zi /nologo /W3 /WX- /sdl /O2 /Oi /GL /D NDEBUG /D _CONSOLE /D _UNICODE /D UNICODE /Gm- /EHsc /MD /GS /Gy /fp:precise /Zc:wchar_t /Zc:forScope /Zc:inline /Yu"stdafx.h" /Fp"x64\Release\TrafficSign.pch" /Fo"x64\Release\\" /Fd"x64\Release\vc140.pdb" /Gd /TP /errorReport:prompt HogSvmClassifier.cpp TrafficSign.cpp
         HogSvmClassifier.cpp
         TrafficSign.cpp
       Link:
         D:\Visual Studio 2015\VC\bin\x86_amd64\link.exe /ERRORREPORT:PROMPT /OUT:"E:\TrafficLight_HogSvm\TrafficSign_v2 - 副本\x64\Release\TrafficSign.exe" /INCREMENTAL:NO /NOLOGO opencv_calib3d2410.lib opencv_contrib2410.lib opencv_core2410.lib opencv_features2d2410.lib opencv_flann2410.lib opencv_gpu2410.lib opencv_highgui2410.lib opencv_imgproc2410.lib opencv_legacy2410.lib opencv_ml2410.lib opencv_objdetect2410.lib opencv_ts2410.lib opencv_video2410.lib kernel32.lib user32.lib gdi32.lib winspool.lib comdlg32.lib advapi32.lib shell32.lib ole32.lib oleaut32.lib uuid.lib odbc32.lib odbccp32.lib /MANIFEST /MANIFESTUAC:"level='asInvoker' uiAccess='false'" /manifest:embed /Debug /PDB:"E:\TrafficLight_HogSvm\TrafficSign_v2 - 副本\x64\Release\TrafficSign.pdb" /SUBSYSTEM:CONSOLE /OPT:REF /OPT:ICF /LTCG:incremental /TLBID:1 /DYNAMICBASE /NXCOMPAT /IMPLIB:"E:\TrafficLight_HogSvm\TrafficSign_v2 - 副本\x64\Release\TrafficSign.lib" /MACHINE:X64 x64\Release\HogSvmClassifier.obj
         x64\Release\stdafx.obj
         x64\Release\TrafficSign.obj
         x64\Release\TrafficSingDetector.obj
         正在生成代码
         5 of 436 functions ( 1.1%) were compiled, the rest were copied from previous compilation.
           1 functions were new in current compilation
           5 functions had inline decision re-evaluated but remain unchanged
         已完成代码的生成
         TrafficSign.vcxproj -> E:\TrafficLight_HogSvm\TrafficSign_v2 - 副本\x64\Release\TrafficSign.exe
     1>已完成生成项目“E:\TrafficLight_HogSvm\TrafficSign_v2 - 副本\TrafficSign\TrafficSign.vcxproj”(Build 个目标)的操作。

已成功生成。

已用时间 00:00:05.45
